1507330255825	geckodriver	INFO	geckodriver 0.19.0
1507330255838	geckodriver	INFO	Listening on 127.0.0.1:50970
1507330257918	mozrunner::runner	INFO	Running command: "C:\\Program Files (x86)\\Mozilla Firefox\\firefox.exe" "-marionette" "-profile" "C:\\Users\\pax\\AppData\\Local\\Temp\\rust_mozprofile.zmnqATai4SXv"
1507330259194	addons.xpi	WARN	Error parsing extensions state: [Exception... "Component returned failure code: 0x80520012 (NS_ERROR_FILE_NOT_FOUND) [amIAddonManagerStartup.readStartupData]"  nsresult: "0x80520012 (NS_ERROR_FILE_NOT_FOUND)"  location: "JS frame :: resource://gre/modules/addons/XPIProvider.jsm :: loadExtensionState :: line 1596"  data: no] Stack trace: loadExtensionState()@resource://gre/modules/addons/XPIProvider.jsm:1596 < getInstallState()@resource://gre/modules/addons/XPIProvider.jsm:1631 < checkForChanges()@resource://gre/modules/addons/XPIProvider.jsm:3152 < startup()@resource://gre/modules/addons/XPIProvider.jsm:2246 < callProvider()@resource://gre/modules/AddonManager.jsm:271 < _startProvider()@resource://gre/modules/AddonManager.jsm:741 < startup()@resource://gre/modules/AddonManager.jsm:908 < startup()@resource://gre/modules/AddonManager.jsm:3122 < observe()@jar:file:///C:/Program%20Files%20(x86)/Mozilla%20Firefox/omni.ja!/components/addonManager.js:65
1507330260136	Marionette	INFO	Enabled via --marionette
1507330265297	Marionette	INFO	Listening on port 50976
1507330265310	Marionette	INFO	Listening on port 50976
1507330265754	Marionette	WARN	TLS certificate errors will be ignored for this session
1507330265812	Marionette	DEBUG	loaded listener.js
1507330265857	Marionette	DEBUG	Received DOM event "beforeunload" for "about:blank"
1507330267040	Marionette	DEBUG	Received DOM event "pagehide" for "about:blank"
1507330267041	Marionette	DEBUG	Received DOM event "unload" for "about:blank"
1507330267739	Marionette	DEBUG	Received DOM event "DOMContentLoaded" for "https://www.compareremit.com/"
1507330268044	Marionette	DEBUG	Received DOM event "pageshow" for "https://www.compareremit.com/"
1507330268709	Marionette	DEBUG	Received DOM event "DOMContentLoaded" for "https://staticxx.facebook.com/connect/xd_arbiter/r/Z2duorNoYeF.js?version=42#channel=fdfd8b0e9754c&origin=https%3A%2F%2Fwww.compareremit.com"
1507330268711	Marionette	DEBUG	Received DOM event "pageshow" for "https://staticxx.facebook.com/connect/xd_arbiter/r/Z2duorNoYeF.js?version=42#channel=fdfd8b0e9754c&origin=https%3A%2F%2Fwww.compareremit.com"
1507330269092	Marionette	DEBUG	Received DOM event "pageshow" for "https://www.compareremit.com/"
[GPU 2092] WARNING: pipe error: 109: file c:/builds/moz2_slave/m-rel-w32-00000000000000000000/build/src/ipc/chromium/src/chrome/common/ipc_channel_win.cc, line 346
[Child 8900] WARNING: pipe error: 109: file c:/builds/moz2_slave/m-rel-w32-00000000000000000000/build/src/ipc/chromium/src/chrome/common/ipc_channel_win.cc, line 346

###!!! [Child][MessageChannel::SendAndWait] Error: Channel error: cannot send/recv

3	Marionette	DEBUG	Received DOM event "pageshow" for "https://www.compareremit.com/"
[GPU 11132] WARNING: pipe error: 109: file c:/builds/moz2_slave/m-rel-w32-00000000000000000000/build/src/ipc/chromium/src/chrome/common/ipc_channel_win.cc, line 346
[GPU 11132] WARNING: pipe error: 109: file c:/builds/moz2_slave/m-rel-w32-00000000000000000000/build/src/ipc/chromium/src/chrome/common/ipc_channel_win.cc, line 346
[Parent 11640] WARNING: pipe error: 109: file c:/builds/moz2_slave/m-rel-w32-00000000000000000000/build/src/ipc/chromium/src/chrome/common/ipc_channel_win.cc, line 346
[Child 9752] WARNING: pipe error: 109: file c:/builds/moz2_slave/m-rel-w32-00000000000000000000/build/src/ipc/chromium/src/chrome/common/ipc_channel_win.cc, line 346

###!!! [Child][MessageChannel::SendAndWait] Error: Channel error: cannot send/recv


IPDL protocol error: Handler returned error code!

###!!! [Parent][DispatchAsyncMessage] Error: PLayerTransaction::Msg_ReleaseLayer Processing error: message was deserialized, but the handler returned false (indicating failure)

IPDL protocol error: Handler returned error code!

###!!! [Parent][DispatchAsyncMessage] Error: PLayerTransaction::Msg_ReleaseLayer Processing error: message was deserialized, but the handler returned false (indicating failure)

IPDL protocol error: Handler returned error code!

###!!! [Parent][DispatchAsyncMessage] Error: PLayerTransaction::Msg_ReleaseLayer Processing error: message was deserialized, but the handler returned false (indicating failure)

IPDL protocol error: Handler returned error code!

###!!! [Parent][DispatchAsyncMessage] Error: PLayerTransaction::Msg_ReleaseLayer Processing error: message was deserialized, but the handler returned false (indicating failure)

[Parent 7904] WARNING: pipe error: 109: file c:/builds/moz2_slave/m-rel-w32-00000000000000000000/build/src/ipc/chromium/src/chrome/common/ipc_channel_win.cc, line 346
[Child 10788] WARNING: pipe error: 109: file c:/builds/moz2_slave/m-rel-w32-00000000000000000000/build/src/ipc/chromium/src/chrome/common/ipc_channel_win.cc, line 346
[Child 10788] WARNING: pipe error: 109: file c:/builds/moz2_slave/m-rel-w32-00000000000000000000/build/src/ipc/chromium/src/chrome/common/ipc_channel_win.cc, line 346

###!!! [Child][MessageChannel::SendAndWait] Error: Channel error: cannot send/recv

8850.
  Stack:
    onResponse@resource://gre/modules/commonjs/toolkit/loader.js -> resource://devtools/shared/DevToolsUtils.js:438:23
onStopRequest@resource://gre/modules/NetUtil.jsm:128:17

onResponse@resource://gre/modules/commonjs/toolkit/loader.js -> resource://devtools/shared/DevToolsUtils.js:438:23
onStopRequest@resource://gre/modules/NetUtil.jsm:128:17
console.error: 
  Protocol error (unknownError): Failed to fetch https://www.compareremit.com/min/bootstrap.min.css.map. Code 2152398850.
TabSources.prototype._fetchSourceMap threw an exception: SyntaxError: JSON.parse: unexpected character at line 1 column 1 of the JSON data
Stack: SourceMapConsumer@resource://gre/modules/commonjs/toolkit/loader.js -> resource://devtools/shared/sourcemap/source-map.js:1281:20
_fetchSourceMap/fetching<@resource://gre/modules/commonjs/toolkit/loader.js -> resource://devtools/server/actors/utils/TabSources.js:458:19
process@resource://gre/modules/Promise.jsm -> resource://gre/modules/Promise-backend.js:922:23
walkerLoop@resource://gre/modules/Promise.jsm -> resource://gre/modules/Promise-backend.js:806:7
scheduleWalkerLoop/<@resource://gre/modules/Promise.jsm -> resource://gre/modules/Promise-backend.js:742:11
Line: 1281, column: 20
console.error: 
  TabSources.prototype._fetchSourceMap threw an exception: SyntaxError: JSON.parse: unexpected character at line 1 column 1 of the JSON data
Stack: SourceMapConsumer@resource://gre/modules/commonjs/toolkit/loader.js -> resource://devtools/shared/sourcemap/source-map.js:1281:20
_fetchSourceMap/fetching<@resource://gre/modules/commonjs/toolkit/loader.js -> resource://devtools/server/actors/utils/TabSources.js:458:19
process@resource://gre/modules/Promise.jsm -> resource://gre/modules/Promise-backend.js:922:23
walkerLoop@resource://gre/modules/Promise.jsm -> resource://gre/modules/Promise-backend.js:806:7
scheduleWalkerLoop/<@resource://gre/modules/Promise.jsm -> resource://gre/modules/Promise-backend.js:742:11
Line: 1281, column: 20
console.error: 
  Message: Error: Source map at https://www.compareremit.com/min/bootstrap.min.css.map not found or invalid
  Stack:
    _fetchSourceMap/</map<@resource://gre/modules/commonjs/toolkit/loader.js -> resource://devtools/server/actors/stylesheets.js:573:27
process@resource://gre/modules/Promise.jsm -> resource://gre/modules/Promise-backend.js:922:23
walkerLoop@resource://gre/modules/Promise.jsm -> resource://gre/modules/Promise-backend.js:806:7
scheduleWalkerLoop/<@resource://gre/modules/Promise.jsm -> resource://gre/modules/Promise-backend.js:742:11

_fetchSourceMap/</map<@resource://gre/modules/commonjs/toolkit/loader.js -> resource://devtools/server/actors/stylesheets.js:573:27
process@resource://gre/modules/Promise.jsm -> resource://gre/modules/Promise-backend.js:922:23
walkerLoop@resource://gre/modules/Promise.jsm -> resource://gre/modules/Promise-backend.js:806:7
scheduleWalkerLoop/<@resource://gre/modules/Promise.jsm -> resource://gre/modules/Promise-backend.js:742:11
console.error: 
  Protocol error (unknownError): Source map at https://www.compareremit.com/min/bootstrap.min.css.map not found or invalid
JavaScript error: https://www.compareremit.com/min/?g=home_js, line 19: TypeError: $(...).offset(...) is undefined
JavaScript error: https://www.compareremit.com/min/?g=home_js, line 19: TypeError: $(...).offset(...) is undefined
[GPU 14116] WARNING: pipe error: 109: file c:/builds/moz2_slave/m-rel-w32-00000000000000000000/build/src/ipc/chromium/src/chrome/common/ipc_channel_win.cc, line 346
JavaScript error: https://www.compareremit.com/min/?g=home_js, line 19: TypeError: $(...).offset(...) is undefined
JavaScript error: https://www.compareremit.com/min/?g=home_js, line 19: TypeError: $(...).offset(...) is undefined
[GPU 14116] WARNING: pipe error: 109: file c:/builds/moz2_slave/m-rel-w32-00000000000000000000/build/src/ipc/chromium/src/chrome/common/ipc_channel_win.cc, line 346
[GPU 14116] WARNING: pipe error: 109: file c:/builds/moz2_slave/m-rel-w32-00000000000000000000/build/src/ipc/chromium/src/chrome/common/ipc_channel_win.cc, line 346
[Parent 11712] WARNING: pipe error: 109: file c:/builds/moz2_slave/m-rel-w32-00000000000000000000/build/src/ipc/chromium/src/chrome/common/ipc_channel_win.cc, line 346
[Child 8908] WARNING: pipe error: 109: file c:/builds/moz2_slave/m-rel-w32-00000000000000000000/build/src/ipc/chromium/src/chrome/common/ipc_channel_win.cc, line 346
[Child 8908] WARNING: pipe error: 109: file c:/builds/moz2_slave/m-rel-w32-00000000000000000000/build/src/ipc/chromium/src/chrome/common/ipc_channel_win.cc, line 346

###!!! [Child][MessageChannel::SendAndWait] Error: Channel error: cannot send/recv

1509913249699	geckodriver	INFO	geckodriver 0.19.1
1509913249799	geckodriver	INFO	Listening on 127.0.0.1:14106
1509913252133	mozrunner::runner	INFO	Running command: "C:\\Program Files (x86)\\Mozilla Firefox\\firefox.exe" "-marionette" "-profile" "C:\\Users\\keyul\\AppData\\Local\\Temp\\rust_mozprofile.HgEmxqDvnmVP"
1509913291330	geckodriver	INFO	geckodriver 0.19.1
1509913291346	geckodriver	INFO	Listening on 127.0.0.1:14194
1509913293645	mozrunner::runner	INFO	Running command: "C:\\Program Files (x86)\\Mozilla Firefox\\firefox.exe" "-marionette" "-profile" "C:\\Users\\keyul\\AppData\\Local\\Temp\\rust_mozprofile.c5uUmeOIRDy2"
1509913322616	geckodriver	INFO	geckodriver 0.19.1
1509913322629	geckodriver	INFO	Listening on 127.0.0.1:14253
1509913340950	geckodriver	INFO	geckodriver 0.19.1
1509913340961	geckodriver	INFO	Listening on 127.0.0.1:14307
1509913343069	mozrunner::runner	INFO	Running command: "C:\\Program Files (x86)\\Mozilla Firefox\\firefox.exe" "-marionette" "-profile" "C:\\Users\\keyul\\AppData\\Local\\Temp\\rust_mozprofile.sRyzQ2t5tXSc"
1509913343585	addons.xpi	WARN	Error parsing extensions state: [Exception... "Component returned failure code: 0x80520012 (NS_ERROR_FILE_NOT_FOUND) [amIAddonManagerStartup.readStartupData]"  nsresult: "0x80520012 (NS_ERROR_FILE_NOT_FOUND)"  location: "JS frame :: resource://gre/modules/addons/XPIProvider.jsm :: loadExtensionState :: line 1554"  data: no] Stack trace: loadExtensionState()@resource://gre/modules/addons/XPIProvider.jsm:1554 < getInstallState()@resource://gre/modules/addons/XPIProvider.jsm:1589 < checkForChanges()@resource://gre/modules/addons/XPIProvider.jsm:3109 < startup()@resource://gre/modules/addons/XPIProvider.jsm:2188 < callProvider()@resource://gre/modules/AddonManager.jsm:269 < _startProvider()@resource://gre/modules/AddonManager.jsm:739 < startup()@resource://gre/modules/AddonManager.jsm:906 < startup()@resource://gre/modules/AddonManager.jsm:3090 < observe()@jar:file:///C:/Program%20Files%20(x86)/Mozilla%20Firefox/omni.ja!/components/addonManager.js:65
1509913344123	addons.xpi	WARN	Add-on {82AF8DCA-6DE9-405D-BD5E-43525BDAD38A} is not correctly signed.
1509913344123	addons.xpi	WARN	Add-on {82AF8DCA-6DE9-405D-BD5E-43525BDAD38A} is not correctly signed.
1509913344124	addons.xpi	WARN	Add-on {82AF8DCA-6DE9-405D-BD5E-43525BDAD38A} is not correctly signed.
1509913345362	Marionette	INFO	Enabled via --marionette
[Child 25996] WARNING: pipe error: 109: file z:/build/build/src/ipc/chromium/src/chrome/common/ipc_channel_win.cc, line 346
[Child 25996] WARNING: pipe error: 109: file z:/build/build/src/ipc/chromium/src/chrome/common/ipc_channel_win.cc, line 346
1509913349991	Marionette	INFO	Listening on port 14317
1509913350568	Marionette	WARN	TLS certificate errors will be ignored for this session
1509913350631	Marionette	DEBUG	Register listener.js for window 4294967297
1509913350771	Marionette	DEBUG	Received DOM event "beforeunload" for "about:blank"
1509913350969	Marionette	DEBUG	Received DOM event "pagehide" for "about:blank"
1509913350969	Marionette	DEBUG	Received DOM event "unload" for "about:blank"
1509913353818	Marionette	DEBUG	Received DOM event "DOMContentLoaded" for "http://embed.ly/code?url=https%3A%2F%2Fwww.producthunt.com%2Fupcoming%2Fdarian"
1509913355997	Marionette	DEBUG	Received DOM event "pageshow" for "http://embed.ly/code?url=https%3A%2F%2Fwww.producthunt.com%2Fupcoming%2Fdarian"
[Child 16580] WARNING: pipe error: 109: file z:/build/build/src/ipc/chromium/src/chrome/common/ipc_channel_win.cc, line 346
[Child 16580] WARNING: pipe error: 109: file z:/build/build/src/ipc/chromium/src/chrome/common/ipc_channel_win.cc, line 346
[Child 25708] WARNING: pipe error: 109: file z:/build/build/src/ipc/chromium/src/chrome/common/ipc_channel_win.cc, line 346
[GPU 3716] WARNING: pipe error: 109: file z:/build/build/src/ipc/chromium/src/chrome/common/ipc_channel_win.cc, line 346

###!!! [Child][MessageChannel::SendAndWait] Error: Channel error: cannot send/recv

ce://gre/modules/addons/XPIProvider.jsm :: loadExtensionState :: line 1554"  data: no] Stack trace: loadExtensionState()@resource://gre/modules/addons/XPIProvider.jsm:1554 < getInstallState()@resource://gre/modules/addons/XPIProvider.jsm:1589 < checkForChanges()@resource://gre/modules/addons/XPIProvider.jsm:3109 < startup()@resource://gre/modules/addons/XPIProvider.jsm:2188 < callProvider()@resource://gre/modules/AddonManager.jsm:269 < _startProvider()@resource://gre/modules/AddonManager.jsm:739 < startup()@resource://gre/modules/AddonManager.jsm:906 < startup()@resource://gre/modules/AddonManager.jsm:3090 < observe()@jar:file:///C:/Program%20Files%20(x86)/Mozilla%20Firefox/omni.ja!/components/addonManager.js:65
1509913404416	addons.xpi	WARN	Add-on {82AF8DCA-6DE9-405D-BD5E-43525BDAD38A} is not correctly signed.
1509913404417	addons.xpi	WARN	Add-on {82AF8DCA-6DE9-405D-BD5E-43525BDAD38A} is not correctly signed.
1509913404419	addons.xpi	WARN	Add-on {82AF8DCA-6DE9-405D-BD5E-43525BDAD38A} is not correctly signed.
1509913405854	Marionette	INFO	Enabled via --marionette
1509913410937	Marionette	INFO	Listening on port 14468
1509913411008	Marionette	WARN	TLS certificate errors will be ignored for this session
1509913411067	Marionette	DEBUG	Register listener.js for window 4294967297
1509913411104	Marionette	DEBUG	Received DOM event "beforeunload" for "about:blank"
1509913411292	Marionette	DEBUG	Received DOM event "pagehide" for "about:blank"
1509913411293	Marionette	DEBUG	Received DOM event "unload" for "about:blank"
1509913415248	Marionette	DEBUG	Received DOM event "DOMContentLoaded" for "http://embed.ly/code?url=https%3A%2F%2Fwww.producthunt.com%2Fupcoming%2Fdarian"
1509913416109	Marionette	DEBUG	Received DOM event "pageshow" for "http://embed.ly/code?url=https%3A%2F%2Fwww.producthunt.com%2Fupcoming%2Fdarian"
[Child 4344] WARNING: pipe error: 109: file z:/build/build/src/ipc/chromium/src/chrome/common/ipc_channel_win.cc, line 346
[GPU 10960] WARNING: pipe error: 109: file z:/build/build/src/ipc/chromium/src/chrome/common/ipc_channel_win.cc, line 346

###!!! [Child][MessageChannel::SendAndWait] Error: Channel error: cannot send/recv

s.xpi	WARN	Error parsing extensions state: [Exception... "Component returned failure code: 0x80520012 (NS_ERROR_FILE_NOT_FOUND) [amIAddonManagerStartup.readStartupData]"  nsresult: "0x80520012 (NS_ERROR_FILE_NOT_FOUND)"  location: "JS frame :: resource://gre/modules/addons/XPIProvider.jsm :: loadExtensionState :: line 1554"  data: no] Stack trace: loadExtensionState()@resource://gre/modules/addons/XPIProvider.jsm:1554 < getInstallState()@resource://gre/modules/addons/XPIProvider.jsm:1589 < checkForChanges()@resource://gre/modules/addons/XPIProvider.jsm:3109 < startup()@resource://gre/modules/addons/XPIProvider.jsm:2188 < callProvider()@resource://gre/modules/AddonManager.jsm:269 < _startProvider()@resource://gre/modules/AddonManager.jsm:739 < startup()@resource://gre/modules/AddonManager.jsm:906 < startup()@resource://gre/modules/AddonManager.jsm:3090 < observe()@jar:file:///C:/Program%20Files%20(x86)/Mozilla%20Firefox/omni.ja!/components/addonManager.js:65
1509913436642	addons.xpi	WARN	Add-on {82AF8DCA-6DE9-405D-BD5E-43525BDAD38A} is not correctly signed.
1509913436643	addons.xpi	WARN	Add-on {82AF8DCA-6DE9-405D-BD5E-43525BDAD38A} is not correctly signed.
1509913436644	addons.xpi	WARN	Add-on {82AF8DCA-6DE9-405D-BD5E-43525BDAD38A} is not correctly signed.
1509913438013	Marionette	INFO	Enabled via --marionette
1509913451700	Marionette	INFO	Listening on port 14578
1509913452516	Marionette	WARN	TLS certificate errors will be ignored for this session
1509913452560	Marionette	DEBUG	Register listener.js for window 4294967297
1509913452584	Marionette	DEBUG	Received DOM event "beforeunload" for "about:blank"
1509913452759	Marionette	DEBUG	Received DOM event "pagehide" for "about:blank"
1509913452760	Marionette	DEBUG	Received DOM event "unload" for "about:blank"
1509913454701	Marionette	DEBUG	Received DOM event "DOMContentLoaded" for "http://embed.ly/code?url=https%3A%2F%2Fwww.producthunt.com%2Fupcoming%2Fdarian"
1509913456164	Marionette	DEBUG	Received DOM event "pageshow" for "http://embed.ly/code?url=https%3A%2F%2Fwww.producthunt.com%2Fupcoming%2Fdarian"
[Parent 8888] WARNING: pipe error: 109: file z:/build/build/src/ipc/chromium/src/chrome/common/ipc_channel_win.cc, line 346
[Child 516] WARNING: pipe error: 109: file z:/build/build/src/ipc/chromium/src/chrome/common/ipc_channel_win.cc, line 346
[Child 516] WARNING: pipe error: 109: file z:/build/build/src/ipc/chromium/src/chrome/common/ipc_channel_win.cc, line 346
[GPU 25784] WARNING: pipe error: 109: file z:/build/build/src/ipc/chromium/src/chrome/common/ipc_channel_win.cc, line 346

###!!! [Child][MessageChannel::SendAndWait] Error: Channel error: cannot send/recv

ource://gre/modules/addons/XPIProvider.jsm :: loadExtensionState :: line 1554"  data: no] Stack trace: loadExtensionState()@resource://gre/modules/addons/XPIProvider.jsm:1554 < getInstallState()@resource://gre/modules/addons/XPIProvider.jsm:1589 < checkForChanges()@resource://gre/modules/addons/XPIProvider.jsm:3109 < startup()@resource://gre/modules/addons/XPIProvider.jsm:2188 < callProvider()@resource://gre/modules/AddonManager.jsm:269 < _startProvider()@resource://gre/modules/AddonManager.jsm:739 < startup()@resource://gre/modules/AddonManager.jsm:906 < startup()@resource://gre/modules/AddonManager.jsm:3090 < observe()@jar:file:///C:/Program%20Files%20(x86)/Mozilla%20Firefox/omni.ja!/components/addonManager.js:65
1509913544903	addons.xpi	WARN	Add-on {82AF8DCA-6DE9-405D-BD5E-43525BDAD38A} is not correctly signed.
1509913544903	addons.xpi	WARN	Add-on {82AF8DCA-6DE9-405D-BD5E-43525BDAD38A} is not correctly signed.
1509913544904	addons.xpi	WARN	Add-on {82AF8DCA-6DE9-405D-BD5E-43525BDAD38A} is not correctly signed.
1509913546624	Marionette	INFO	Enabled via --marionette
1509913549939	Marionette	INFO	Listening on port 14809
1509913550057	Marionette	WARN	TLS certificate errors will be ignored for this session
1509913550177	Marionette	DEBUG	Register listener.js for window 4294967297
1509913550204	Marionette	DEBUG	Received DOM event "beforeunload" for "about:blank"
1509913550486	Marionette	DEBUG	Received DOM event "pagehide" for "about:blank"
1509913550487	Marionette	DEBUG	Received DOM event "unload" for "about:blank"
1509913552641	Marionette	DEBUG	Received DOM event "DOMContentLoaded" for "http://embed.ly/code?url=https%3A%2F%2Fwww.producthunt.com%2Fupcoming%2Fdarian"
1509913553606	Marionette	DEBUG	Received DOM event "pageshow" for "http://embed.ly/code?url=https%3A%2F%2Fwww.producthunt.com%2Fupcoming%2Fdarian"
[Parent 8276] WARNING: pipe error: 109: file z:/build/build/src/ipc/chromium/src/chrome/common/ipc_channel_win.cc, line 346
[Parent 8276] WARNING: pipe error: 109: file z:/build/build/src/ipc/chromium/src/chrome/common/ipc_channel_win.cc, line 346
[Child 23416] WARNING: pipe error: 109: file z:/build/build/src/ipc/chromium/src/chrome/common/ipc_channel_win.cc, line 346
[Child 23416] WARNING: pipe error: 109: file z:/build/build/src/ipc/chromium/src/chrome/common/ipc_channel_win.cc, line 346
*** UTM:SVC TimerManager:registerTimer called after profile-before-change notification. Ignoring timer registration for id: telemetry_modules_ping
[GPU 1808] WARNING: pipe error: 109: file z:/build/build/src/ipc/chromium/src/chrome/common/ipc_channel_win.cc, line 346

###!!! [Child][MessageChannel::SendAndWait] Error: Channel error: cannot send/recv

1509913583504	geckodriver	INFO	geckodriver 0.19.1
1509913583511	geckodriver	INFO	Listening on 127.0.0.1:14919
1509913585801	mozrunner::runner	INFO	Running command: "C:\\Program Files (x86)\\Mozilla Firefox\\firefox.exe" "-marionette" "-profile" "C:\\Users\\keyul\\AppData\\Local\\Temp\\rust_mozprofile.maQDRSRzBkzL"
1509913586565	addons.xpi	WARN	Error parsing extensions state: [Exception... "Component returned failure code: 0x80520012 (NS_ERROR_FILE_NOT_FOUND) [amIAddonManagerStartup.readStartupData]"  nsresult: "0x80520012 (NS_ERROR_FILE_NOT_FOUND)"  location: "JS frame :: resource://gre/modules/addons/XPIProvider.jsm :: loadExtensionState :: line 1554"  data: no] Stack trace: loadExtensionState()@resource://gre/modules/addons/XPIProvider.jsm:1554 < getInstallState()@resource://gre/modules/addons/XPIProvider.jsm:1589 < checkForChanges()@resource://gre/modules/addons/XPIProvider.jsm:3109 < startup()@resource://gre/modules/addons/XPIProvider.jsm:2188 < callProvider()@resource://gre/modules/AddonManager.jsm:269 < _startProvider()@resource://gre/modules/AddonManager.jsm:739 < startup()@resource://gre/modules/AddonManager.jsm:906 < startup()@resource://gre/modules/AddonManager.jsm:3090 < observe()@jar:file:///C:/Program%20Files%20(x86)/Mozilla%20Firefox/omni.ja!/components/addonManager.js:65
1509913587178	addons.xpi	WARN	Add-on {82AF8DCA-6DE9-405D-BD5E-43525BDAD38A} is not correctly signed.
1509913587179	addons.xpi	WARN	Add-on {82AF8DCA-6DE9-405D-BD5E-43525BDAD38A} is not correctly signed.
1509913587179	addons.xpi	WARN	Add-on {82AF8DCA-6DE9-405D-BD5E-43525BDAD38A} is not correctly signed.
1509913588084	Marionette	INFO	Enabled via --marionette
[Child 20044] WARNING: pipe error: 109: file z:/build/build/src/ipc/chromium/src/chrome/common/ipc_channel_win.cc, line 346
[Child 20044] WARNING: pipe error: 109: file z:/build/build/src/ipc/chromium/src/chrome/common/ipc_channel_win.cc, line 346
1509913591575	Marionette	INFO	Listening on port 14927
1509913592035	Marionette	WARN	TLS certificate errors will be ignored for this session
1509913592125	Marionette	DEBUG	Register listener.js for window 4294967297
1509913592162	Marionette	DEBUG	Received DOM event "beforeunload" for "about:blank"
1509913592467	Marionette	DEBUG	Received DOM event "pagehide" for "about:blank"
1509913592468	Marionette	DEBUG	Received DOM event "unload" for "about:blank"
1509913594049	Marionette	DEBUG	Received DOM event "DOMContentLoaded" for "http://embed.ly/code?url=https%3A%2F%2Fwww.producthunt.com%2Fupcoming%2Fdarian"
1509913594999	Marionette	DEBUG	Received DOM event "pageshow" for "http://embed.ly/code?url=https%3A%2F%2Fwww.producthunt.com%2Fupcoming%2Fdarian"
1509914219064	addons.xpi	WARN	Add-on {82AF8DCA-6DE9-405D-BD5E-43525BDAD38A} is not correctly signed.
1509914219071	addons.xpi	WARN	Add-on {82AF8DCA-6DE9-405D-BD5E-43525BDAD38A} is not correctly signed.
